{"contracts/FarmerRegistry.sol":{"l":{"70":4,"81":4,"82":3,"83":3,"109":51,"110":50,"111":49,"112":48,"113":47,"114":46,"115":44,"120":42,"130":42,"132":42,"141":7,"150":11,"154":10,"162":14,"176":5,"177":3,"178":3,"191":18,"192":16,"196":15,"197":15,"211":6,"212":5,"213":5,"229":8,"230":7,"231":6,"232":5,"237":4,"238":4,"240":4},"path":"/Users/mac/dev/AsiliChain/protocol/packages/contracts/contracts/FarmerRegistry.sol","s":{"1":4,"2":4,"3":3,"4":3,"5":51,"6":50,"7":49,"8":48,"9":47,"10":46,"11":44,"12":42,"13":7,"14":11,"15":10,"16":14,"17":5,"18":3,"19":18,"20":16,"21":15,"22":6,"23":5,"24":8,"25":7,"26":6,"27":5,"28":4,"29":4},"b":{"1":[4,1],"2":[3,1],"3":[51,1],"4":[50,1],"5":[49,1],"6":[48,1],"7":[47,1],"8":[46,1],"9":[44,2],"10":[42,2],"11":[10,1],"12":[5,1],"13":[3,2],"14":[16,2],"15":[15,1],"16":[13,2],"17":[6,1],"18":[5,1],"19":[8,1],"20":[7,1],"21":[6,1],"22":[5,1],"23":[4,1],"24":[2,1]},"f":{"1":4,"2":4,"3":51,"4":7,"5":11,"6":14,"7":5,"8":18,"9":6,"10":8,"11":2},"fnMap":{"1":{"name":"constructor","line":69,"loc":{"start":{"line":69,"column":4},"end":{"line":71,"column":4}}},"2":{"name":"initialize","line":80,"loc":{"start":{"line":80,"column":4},"end":{"line":84,"column":4}}},"3":{"name":"registerFarmer","line":107,"loc":{"start":{"line":98,"column":4},"end":{"line":133,"column":4}}},"4":{"name":"isRegistered","line":140,"loc":{"start":{"line":140,"column":4},"end":{"line":142,"column":4}}},"5":{"name":"getFarmer","line":149,"loc":{"start":{"line":149,"column":4},"end":{"line":155,"column":4}}},"6":{"name":"isIndependent","line":161,"loc":{"start":{"line":161,"column":4},"end":{"line":164,"column":4}}},"7":{"name":"verifyFarmer","line":174,"loc":{"start":{"line":172,"column":4},"end":{"line":179,"column":4}}},"8":{"name":"deactivateFarmer","line":188,"loc":{"start":{"line":188,"column":4},"end":{"line":198,"column":4}}},"9":{"name":"setIndependentAggregator","line":209,"loc":{"start":{"line":207,"column":4},"end":{"line":214,"column":4}}},"10":{"name":"migrateFarmer","line":227,"loc":{"start":{"line":222,"column":4},"end":{"line":241,"column":4}}},"11":{"name":"_authorizeUpgrade","line":248,"loc":{"start":{"line":245,"column":4},"end":{"line":249,"column":6}}}},"statementMap":{"1":{"start":{"line":70,"column":8},"end":{"line":70,"column":29}},"2":{"start":{"line":81,"column":8},"end":{"line":81,"column":72}},"3":{"start":{"line":82,"column":8},"end":{"line":82,"column":29}},"4":{"start":{"line":83,"column":8},"end":{"line":83,"column":51}},"5":{"start":{"line":109,"column":8},"end":{"line":109,"column":80}},"6":{"start":{"line":110,"column":8},"end":{"line":110,"column":81}},"7":{"start":{"line":111,"column":8},"end":{"line":111,"column":86}},"8":{"start":{"line":112,"column":8},"end":{"line":112,"column":83}},"9":{"start":{"line":113,"column":8},"end":{"line":113,"column":70}},"10":{"start":{"line":114,"column":8},"end":{"line":114,"column":102}},"11":{"start":{"line":115,"column":8},"end":{"line":115,"column":5259}},"12":{"start":{"line":132,"column":8},"end":{"line":132,"column":77}},"13":{"start":{"line":141,"column":8},"end":{"line":141,"column":43}},"14":{"start":{"line":150,"column":8},"end":{"line":150,"column":6530}},"15":{"start":{"line":154,"column":8},"end":{"line":154,"column":36}},"16":{"start":{"line":162,"column":8},"end":{"line":162,"column":7037}},"17":{"start":{"line":176,"column":8},"end":{"line":176,"column":78}},"18":{"start":{"line":178,"column":8},"end":{"line":178,"column":63}},"19":{"start":{"line":191,"column":8},"end":{"line":191,"column":78}},"20":{"start":{"line":192,"column":8},"end":{"line":192,"column":8175}},"21":{"start":{"line":197,"column":8},"end":{"line":197,"column":44}},"22":{"start":{"line":211,"column":8},"end":{"line":211,"column":75}},"23":{"start":{"line":213,"column":8},"end":{"line":213,"column":49}},"24":{"start":{"line":229,"column":8},"end":{"line":229,"column":78}},"25":{"start":{"line":230,"column":8},"end":{"line":230,"column":78}},"26":{"start":{"line":231,"column":8},"end":{"line":231,"column":79}},"27":{"start":{"line":232,"column":8},"end":{"line":232,"column":9756}},"28":{"start":{"line":237,"column":8},"end":{"line":237,"column":72}},"29":{"start":{"line":240,"column":8},"end":{"line":240,"column":79}}},"branchMap":{"1":{"line":80,"type":"if","locations":[{"start":{"line":80,"column":55},"end":{"line":80,"column":55}},{"start":{"line":80,"column":55},"end":{"line":80,"column":55}}]},"2":{"line":81,"type":"if","locations":[{"start":{"line":81,"column":8},"end":{"line":81,"column":8}},{"start":{"line":81,"column":8},"end":{"line":81,"column":8}}]},"3":{"line":107,"type":"if","locations":[{"start":{"line":107,"column":8},"end":{"line":107,"column":8}},{"start":{"line":107,"column":8},"end":{"line":107,"column":8}}]},"4":{"line":109,"type":"if","locations":[{"start":{"line":109,"column":8},"end":{"line":109,"column":8}},{"start":{"line":109,"column":8},"end":{"line":109,"column":8}}]},"5":{"line":110,"type":"if","locations":[{"start":{"line":110,"column":8},"end":{"line":110,"column":8}},{"start":{"line":110,"column":8},"end":{"line":110,"column":8}}]},"6":{"line":111,"type":"if","locations":[{"start":{"line":111,"column":8},"end":{"line":111,"column":8}},{"start":{"line":111,"column":8},"end":{"line":111,"column":8}}]},"7":{"line":112,"type":"if","locations":[{"start":{"line":112,"column":8},"end":{"line":112,"column":8}},{"start":{"line":112,"column":8},"end":{"line":112,"column":8}}]},"8":{"line":113,"type":"if","locations":[{"start":{"line":113,"column":8},"end":{"line":113,"column":8}},{"start":{"line":113,"column":8},"end":{"line":113,"column":8}}]},"9":{"line":114,"type":"if","locations":[{"start":{"line":114,"column":8},"end":{"line":114,"column":8}},{"start":{"line":114,"column":8},"end":{"line":114,"column":8}}]},"10":{"line":115,"type":"if","locations":[{"start":{"line":115,"column":8},"end":{"line":115,"column":8}},{"start":{"line":115,"column":8},"end":{"line":115,"column":8}}]},"11":{"line":150,"type":"if","locations":[{"start":{"line":150,"column":8},"end":{"line":150,"column":8}},{"start":{"line":150,"column":8},"end":{"line":150,"column":8}}]},"12":{"line":174,"type":"if","locations":[{"start":{"line":174,"column":8},"end":{"line":174,"column":8}},{"start":{"line":174,"column":8},"end":{"line":174,"column":8}}]},"13":{"line":176,"type":"if","locations":[{"start":{"line":176,"column":8},"end":{"line":176,"column":8}},{"start":{"line":176,"column":8},"end":{"line":176,"column":8}}]},"14":{"line":191,"type":"if","locations":[{"start":{"line":191,"column":8},"end":{"line":191,"column":8}},{"start":{"line":191,"column":8},"end":{"line":191,"column":8}}]},"15":{"line":192,"type":"if","locations":[{"start":{"line":192,"column":8},"end":{"line":192,"column":8}},{"start":{"line":192,"column":8},"end":{"line":192,"column":8}}]},"16":{"line":193,"type":"cond-expr","locations":[{"start":{"line":193,"column":12},"end":{"line":193,"column":44}},{"start":{"line":193,"column":49},"end":{"line":193,"column":80}}]},"17":{"line":209,"type":"if","locations":[{"start":{"line":209,"column":8},"end":{"line":209,"column":8}},{"start":{"line":209,"column":8},"end":{"line":209,"column":8}}]},"18":{"line":211,"type":"if","locations":[{"start":{"line":211,"column":8},"end":{"line":211,"column":8}},{"start":{"line":211,"column":8},"end":{"line":211,"column":8}}]},"19":{"line":227,"type":"if","locations":[{"start":{"line":227,"column":8},"end":{"line":227,"column":8}},{"start":{"line":227,"column":8},"end":{"line":227,"column":8}}]},"20":{"line":229,"type":"if","locations":[{"start":{"line":229,"column":8},"end":{"line":229,"column":8}},{"start":{"line":229,"column":8},"end":{"line":229,"column":8}}]},"21":{"line":230,"type":"if","locations":[{"start":{"line":230,"column":8},"end":{"line":230,"column":8}},{"start":{"line":230,"column":8},"end":{"line":230,"column":8}}]},"22":{"line":231,"type":"if","locations":[{"start":{"line":231,"column":8},"end":{"line":231,"column":8}},{"start":{"line":231,"column":8},"end":{"line":231,"column":8}}]},"23":{"line":232,"type":"if","locations":[{"start":{"line":232,"column":8},"end":{"line":232,"column":8}},{"start":{"line":232,"column":8},"end":{"line":232,"column":8}}]},"24":{"line":248,"type":"if","locations":[{"start":{"line":248,"column":8},"end":{"line":248,"column":8}},{"start":{"line":248,"column":8},"end":{"line":248,"column":8}}]}}}}