TN:
SF:/Users/mac/dev/AsiliChain/protocol/packages/contracts/contracts/FarmerRegistry.sol
FN:69,constructor
FN:80,initialize
FN:107,registerFarmer
FN:140,isRegistered
FN:149,getFarmer
FN:161,isIndependent
FN:174,verifyFarmer
FN:188,deactivateFarmer
FN:209,setIndependentAggregator
FN:227,migrateFarmer
FN:248,_authorizeUpgrade
FNF:11
FNH:11
FNDA:4,constructor
FNDA:4,initialize
FNDA:51,registerFarmer
FNDA:7,isRegistered
FNDA:11,getFarmer
FNDA:14,isIndependent
FNDA:5,verifyFarmer
FNDA:18,deactivateFarmer
FNDA:6,setIndependentAggregator
FNDA:8,migrateFarmer
FNDA:2,_authorizeUpgrade
DA:70,4
DA:81,4
DA:82,3
DA:83,3
DA:109,51
DA:110,50
DA:111,49
DA:112,48
DA:113,47
DA:114,46
DA:115,44
DA:120,42
DA:130,42
DA:132,42
DA:141,7
DA:150,11
DA:154,10
DA:162,14
DA:176,5
DA:177,3
DA:178,3
DA:191,18
DA:192,16
DA:196,15
DA:197,15
DA:211,6
DA:212,5
DA:213,5
DA:229,8
DA:230,7
DA:231,6
DA:232,5
DA:237,4
DA:238,4
DA:240,4
LF:35
LH:35
BRDA:80,1,0,4
BRDA:80,1,1,1
BRDA:81,2,0,3
BRDA:81,2,1,1
BRDA:107,3,0,51
BRDA:107,3,1,1
BRDA:109,4,0,50
BRDA:109,4,1,1
BRDA:110,5,0,49
BRDA:110,5,1,1
BRDA:111,6,0,48
BRDA:111,6,1,1
BRDA:112,7,0,47
BRDA:112,7,1,1
BRDA:113,8,0,46
BRDA:113,8,1,1
BRDA:114,9,0,44
BRDA:114,9,1,2
BRDA:115,10,0,42
BRDA:115,10,1,2
BRDA:150,11,0,10
BRDA:150,11,1,1
BRDA:174,12,0,5
BRDA:174,12,1,1
BRDA:176,13,0,3
BRDA:176,13,1,2
BRDA:191,14,0,16
BRDA:191,14,1,2
BRDA:192,15,0,15
BRDA:192,15,1,1
BRDA:193,16,0,13
BRDA:193,16,1,2
BRDA:209,17,0,6
BRDA:209,17,1,1
BRDA:211,18,0,5
BRDA:211,18,1,1
BRDA:227,19,0,8
BRDA:227,19,1,1
BRDA:229,20,0,7
BRDA:229,20,1,1
BRDA:230,21,0,6
BRDA:230,21,1,1
BRDA:231,22,0,5
BRDA:231,22,1,1
BRDA:232,23,0,4
BRDA:232,23,1,1
BRDA:248,24,0,2
BRDA:248,24,1,1
BRF:48
BRH:48
end_of_record
